<?xml version="1.0" encoding="UTF-8"?>
<!-- Generated by org.testng.reporters.JUnitXMLReporter -->
<testsuite ignored="2" hostname="Lenovo-PC" failures="0" tests="6" name="chrometest" time="12.823" errors="0" timestamp="2022-02-05T17:36:24 IST">
  <testcase classname="com.ProjectMain.Scripts.TestBase" name="testBase" time="0.001"/>
  <testcase classname="com.ProjectMain.Scripts.TestBase" name="testBase" time="0.001"/>
  <testcase classname="com.ProjectMain.Scripts.LoginTest" name="verifysigninValidEmailInvalidPassword" time="1.301"/>
  <testcase classname="com.ProjectMain.Scripts.LoginTest" name="verifysigninInvalidEmailValidPassword" time="1.412"/>
  <testcase classname="com.ProjectMain.Scripts.LoginTest" name="verifysigninInvalidEmailInvalidPassword" time="1.441"/>
  <testcase classname="com.ProjectMain.Scripts.LoginTest" name="verifysigninValidEmailValidPassword" time="4.054"/>
  <testcase classname="com.ProjectMain.Scripts.TestBase" name="@BeforeTest beforeTest" time="0.0">
    <ignored/>
  </testcase> <!-- @BeforeTest beforeTest -->
  <testcase classname="com.ProjectMain.Scripts.TestBase" name="@AfterTest afterTest" time="0.0">
    <ignored/>
  </testcase> <!-- @AfterTest afterTest -->
</testsuite> <!-- chrometest -->
