<?xml version="1.0" encoding="UTF-8"?>
<!-- Generated by org.testng.reporters.JUnitXMLReporter -->
<testsuite ignored="10" hostname="Lenovo-PC" failures="0" tests="4" name="groupingtest" time="22.86" errors="0" timestamp="2022-02-06T14:22:30 IST">
  <testcase classname="com.ProjectMain.Scripts.LoginTest" name="verifysigninInvalidEmailInvalidPassword" time="1.484"/>
  <testcase classname="com.ProjectMain.Scripts.LoginTest" name="verifysigninValidEmailValidPassword" time="2.75"/>
  <testcase classname="com.ProjectMain.Scripts.DashBoardTest" name="checkDash" time="0.012"/>
  <testcase classname="com.ProjectMain.Scripts.DashBoardTest" name="checkTask" time="4.095"/>
  <testcase classname="com.ProjectMain.Scripts.LoginTest" name="verifysigninInvalidEmailValidPassword" time="0.0">
    <ignored/>
  </testcase> <!-- verifysigninInvalidEmailValidPassword -->
  <testcase classname="com.ProjectMain.Scripts.DashBoardTest" name="clockin" time="0.0">
    <ignored/>
  </testcase> <!-- clockin -->
  <testcase classname="com.ProjectMain.Scripts.LoginTest" name="verifysigninValidEmailInvalidPassword" time="0.0">
    <ignored/>
  </testcase> <!-- verifysigninValidEmailInvalidPassword -->
  <testcase classname="com.ProjectMain.Scripts.TestBase" name="testBase" time="0.0">
    <ignored/>
  </testcase> <!-- testBase -->
  <testcase classname="com.ProjectMain.Scripts.TestBase" name="testBase" time="0.0">
    <ignored/>
  </testcase> <!-- testBase -->
  <testcase classname="com.ProjectMain.Scripts.TestBase" name="@BeforeTest beforeTest" time="0.0">
    <ignored/>
  </testcase> <!-- @BeforeTest beforeTest -->
  <testcase classname="com.ProjectMain.Scripts.DashBoardTest" name="postAdd" time="0.0">
    <ignored/>
  </testcase> <!-- postAdd -->
  <testcase classname="com.ProjectMain.Scripts.DashBoardTest" name="checkEvents" time="0.0">
    <ignored/>
  </testcase> <!-- checkEvents -->
  <testcase classname="com.ProjectMain.Scripts.DashBoardTest" name="checkProgress" time="0.0">
    <ignored/>
  </testcase> <!-- checkProgress -->
  <testcase classname="com.ProjectMain.Scripts.DashBoardTest" name="clockOut" time="0.0">
    <ignored/>
  </testcase> <!-- clockOut -->
</testsuite> <!-- groupingtest -->
