<?xml version="1.0" encoding="UTF-8"?>
<!-- Generated by org.testng.reporters.JUnitXMLReporter -->
<testsuite ignored="18" hostname="Lenovo-PC" failures="0" tests="42" name="Test" time="99.407" errors="0" timestamp="2022-02-08T08:31:30 IST">
  <testcase classname="com.ProjectMain.Scripts.TestBase" name="testBase" time="0.01"/>
  <testcase classname="com.ProjectMain.Scripts.TestBase" name="testBase" time="0.002"/>
  <testcase classname="com.ProjectMain.Scripts.LoginTest" name="verifysigninValidEmailInvalidPassword" time="1.124"/>
  <testcase classname="com.ProjectMain.Scripts.LoginTest" name="verifysigninInvalidEmailValidPassword" time="1.007"/>
  <testcase classname="com.ProjectMain.Scripts.LoginTest" name="verifysigninInvalidEmailInvalidPassword" time="0.938"/>
  <testcase classname="com.ProjectMain.Scripts.LoginTest" name="verifysigninValidEmailValidPassword" time="4.781"/>
  <testcase classname="com.ProjectMain.Scripts.TestBase" name="testBase" time="0.002"/>
  <testcase classname="com.ProjectMain.Scripts.DashBoardTest" name="checkDash" time="0.052"/>
  <testcase classname="com.ProjectMain.Scripts.DashBoardTest" name="checkTask" time="3.224"/>
  <testcase classname="com.ProjectMain.Scripts.DashBoardTest" name="checkEvents" time="3.553"/>
  <testcase classname="com.ProjectMain.Scripts.DashBoardTest" name="postAdd" time="19.847"/>
  <testcase classname="com.ProjectMain.Scripts.DashBoardTest" name="clockOut" time="2.0"/>
  <testcase classname="com.ProjectMain.Scripts.DashBoardTest" name="clockin" time="1.206"/>
  <testcase classname="com.ProjectMain.Scripts.DashBoardTest" name="checkProgress" time="0.846"/>
  <testcase classname="com.ProjectMain.Scripts.TestBase" name="testBase" time="0.001"/>
  <testcase classname="com.ProjectMain.Scripts.ClientTest" name="overviewCheck" time="1.927"/>
  <testcase classname="com.ProjectMain.Scripts.ClientTest" name="editClient" time="1.652"/>
  <testcase classname="com.ProjectMain.Scripts.ClientTest" name="checkImportClient" time="1.033"/>
  <testcase classname="com.ProjectMain.Scripts.TestBase" name="testBase" time="0.003"/>
  <testcase classname="com.ProjectMain.Scripts.TaskTest" name="checkList" time="2.845"/>
  <testcase classname="com.ProjectMain.Scripts.TaskTest" name="checkKanban" time="2.725"/>
  <testcase classname="com.ProjectMain.Scripts.TaskTest" name="checkGantt" time="1.866"/>
  <testcase classname="com.ProjectMain.Scripts.TaskTest" name="checkAddTask" time="5.602"/>
  <testcase classname="com.ProjectMain.Scripts.TaskTest" name="checkSaveTask" time="7.449"/>
  <testcase classname="com.ProjectMain.Scripts.TestBase" name="testBase" time="0.001"/>
  <testcase classname="com.ProjectMain.Scripts.ProjectTest" name="checkProject" time="1.254"/>
  <testcase classname="com.ProjectMain.Scripts.ProjectTest" name="checkAddProject" time="3.237"/>
  <testcase classname="com.ProjectMain.Scripts.ProjectTest" name="checkSaveProject" time="5.433"/>
  <testcase classname="com.ProjectMain.Scripts.TestBase" name="testBase" time="0.001"/>
  <testcase classname="com.ProjectMain.Scripts.NotesTest" name="checkNote" time="1.17"/>
  <testcase classname="com.ProjectMain.Scripts.NotesTest" name="checkAddNote" time="1.284"/>
  <testcase classname="com.ProjectMain.Scripts.NotesTest" name="checkSearch" time="0.208"/>
  <testcase classname="com.ProjectMain.Scripts.TestBase" name="testBase" time="0.001"/>
  <testcase classname="com.ProjectMain.Scripts.TeamTest" name="checkTeamMembers" time="1.553"/>
  <testcase classname="com.ProjectMain.Scripts.TeamTest" name="sendInvite" time="1.116"/>
  <testcase classname="com.ProjectMain.Scripts.TeamTest" name="checkLeave" time="1.081"/>
  <testcase classname="com.ProjectMain.Scripts.TestBase" name="testBase" time="0.001"/>
  <testcase classname="com.ProjectMain.Scripts.TicketTest" name="checkTicket" time="1.553"/>
  <testcase classname="com.ProjectMain.Scripts.TicketTest" name="checkBatch" time="0.611"/>
  <testcase classname="com.ProjectMain.Scripts.TicketTest" name="checkAddTicket" time="1.923"/>
  <testcase classname="com.ProjectMain.Scripts.TestBase" name="testBase" time="0.003"/>
  <testcase classname="com.ProjectMain.Scripts.NavigationTest" name="checkNavigate" time="7.768"/>
  <testcase classname="com.ProjectMain.Scripts.TestBase" name="@BeforeTest beforeTest" time="0.0">
    <ignored/>
  </testcase> <!-- @BeforeTest beforeTest -->
  <testcase classname="com.ProjectMain.Scripts.TestBase" name="@BeforeTest beforeTest" time="0.0">
    <ignored/>
  </testcase> <!-- @BeforeTest beforeTest -->
  <testcase classname="com.ProjectMain.Scripts.TestBase" name="@BeforeTest beforeTest" time="0.0">
    <ignored/>
  </testcase> <!-- @BeforeTest beforeTest -->
  <testcase classname="com.ProjectMain.Scripts.TestBase" name="@BeforeTest beforeTest" time="0.0">
    <ignored/>
  </testcase> <!-- @BeforeTest beforeTest -->
  <testcase classname="com.ProjectMain.Scripts.TestBase" name="@BeforeTest beforeTest" time="0.0">
    <ignored/>
  </testcase> <!-- @BeforeTest beforeTest -->
  <testcase classname="com.ProjectMain.Scripts.TestBase" name="@BeforeTest beforeTest" time="0.0">
    <ignored/>
  </testcase> <!-- @BeforeTest beforeTest -->
  <testcase classname="com.ProjectMain.Scripts.TestBase" name="@BeforeTest beforeTest" time="0.0">
    <ignored/>
  </testcase> <!-- @BeforeTest beforeTest -->
  <testcase classname="com.ProjectMain.Scripts.TestBase" name="@BeforeTest beforeTest" time="0.0">
    <ignored/>
  </testcase> <!-- @BeforeTest beforeTest -->
  <testcase classname="com.ProjectMain.Scripts.TestBase" name="@BeforeTest beforeTest" time="0.0">
    <ignored/>
  </testcase> <!-- @BeforeTest beforeTest -->
  <testcase classname="com.ProjectMain.Scripts.TestBase" name="@AfterTest afterTest" time="0.0">
    <ignored/>
  </testcase> <!-- @AfterTest afterTest -->
  <testcase classname="com.ProjectMain.Scripts.TestBase" name="@AfterTest afterTest" time="0.0">
    <ignored/>
  </testcase> <!-- @AfterTest afterTest -->
  <testcase classname="com.ProjectMain.Scripts.TestBase" name="@AfterTest afterTest" time="0.0">
    <ignored/>
  </testcase> <!-- @AfterTest afterTest -->
  <testcase classname="com.ProjectMain.Scripts.TestBase" name="@AfterTest afterTest" time="0.0">
    <ignored/>
  </testcase> <!-- @AfterTest afterTest -->
  <testcase classname="com.ProjectMain.Scripts.TestBase" name="@AfterTest afterTest" time="0.0">
    <ignored/>
  </testcase> <!-- @AfterTest afterTest -->
  <testcase classname="com.ProjectMain.Scripts.TestBase" name="@AfterTest afterTest" time="0.0">
    <ignored/>
  </testcase> <!-- @AfterTest afterTest -->
  <testcase classname="com.ProjectMain.Scripts.TestBase" name="@AfterTest afterTest" time="0.0">
    <ignored/>
  </testcase> <!-- @AfterTest afterTest -->
  <testcase classname="com.ProjectMain.Scripts.TestBase" name="@AfterTest afterTest" time="0.0">
    <ignored/>
  </testcase> <!-- @AfterTest afterTest -->
  <testcase classname="com.ProjectMain.Scripts.TestBase" name="@AfterTest afterTest" time="0.0">
    <ignored/>
  </testcase> <!-- @AfterTest afterTest -->
</testsuite> <!-- Test -->
